[E::idx_find_and_load] Could not retrieve index file for 'IMP.chr20.snps.gt.vcf.gz'
[E::idx_find_and_load] Could not retrieve index file for '/proj/snic2019-8-216/private/Applied_Bioinformatics/MAF_bin_evaluation/No_Noise_Beagle/IMP.chr20.pooled.imputed.vcf.gz'
[E::idx_find_and_load] Could not retrieve index file for '/proj/snic2019-8-216/private/Applied_Bioinformatics/MAF_bin_evaluation/Standard_Noise_Beagle/IMP.chr20.pooled.imputed.vcf.gz'
[E::idx_find_and_load] Could not retrieve index file for '/proj/snic2019-8-216/private/Applied_Bioinformatics/MAF_bin_evaluation/High_Noise_Beagle/IMP.chr20.pooled.imputed.vcf.gz'
[E::idx_find_and_load] Could not retrieve index file for '/proj/snic2019-8-216/private/Applied_Bioinformatics/MAF_bin_evaluation/No_Noise_Prophaser/IMP.chr20.pooled.imputed.vcf.gz'
[E::idx_find_and_load] Could not retrieve index file for '/proj/snic2019-8-216/private/Applied_Bioinformatics/MAF_bin_evaluation/Standard_Noise_Prophaser/IMP.chr20.pooled.imputed.vcf.gz'
[E::idx_find_and_load] Could not retrieve index file for '/proj/snic2019-8-216/private/Applied_Bioinformatics/MAF_bin_evaluation/High_Noise_Prophaser/IMP.chr20.pooled.imputed.vcf.gz'
[W::vcf_parse] Contig '20' is not defined in the header. (Quick workaround: index the file with tabix.)
[W::vcf_parse] Contig '20' is not defined in the header. (Quick workaround: index the file with tabix.)
[W::vcf_parse] Contig '20' is not defined in the header. (Quick workaround: index the file with tabix.)
NO NOISE BEAGLE
+--------------+------------------------------+
|   MAF bin    | Proportion correct genotyped |
+--------------+------------------------------+
| [0.00, 0.02] |            0.976             |
| [0.02, 0.04] |            0.954             |
| [0.04, 0.06] |            0.913             |
| [0.06, 0.10] |            0.856             |
| [0.10, 0.20] |            0.735             |
| [0.20, 0.40] |            0.513             |
| [0.40, 0.50] |            0.313             |
+--------------+------------------------------+
NO NOISE PROPHASER
+--------------+------------------------------+
|   MAF bin    | Proportion correct genotyped |
+--------------+------------------------------+
| [0.00, 0.02] |             0.98             |
| [0.02, 0.04] |            0.963             |
| [0.04, 0.06] |            0.932             |
| [0.06, 0.10] |            0.887             |
| [0.10, 0.20] |            0.792             |
| [0.20, 0.40] |            0.642             |
| [0.40, 0.50] |            0.562             |
+--------------+------------------------------+
STANDARD NOISE BEAGLE
+--------------+------------------------------+
|   MAF bin    | Proportion correct genotyped |
+--------------+------------------------------+
| [0.00, 0.02] |            0.976             |
| [0.02, 0.04] |            0.954             |
| [0.04, 0.06] |            0.913             |
| [0.06, 0.10] |            0.855             |
| [0.10, 0.20] |            0.735             |
| [0.20, 0.40] |            0.512             |
| [0.40, 0.50] |            0.313             |
+--------------+------------------------------+
STANDARD NOISE PROPHASER
+--------------+------------------------------+
|   MAF bin    | Proportion correct genotyped |
+--------------+------------------------------+
| [0.00, 0.02] |             0.98             |
| [0.02, 0.04] |            0.963             |
| [0.04, 0.06] |            0.932             |
| [0.06, 0.10] |            0.887             |
| [0.10, 0.20] |            0.792             |
| [0.20, 0.40] |            0.642             |
| [0.40, 0.50] |            0.562             |
+--------------+------------------------------+
HIGH NOISE BEAGLE
+--------------+------------------------------+
|   MAF bin    | Proportion correct genotyped |
+--------------+------------------------------+
| [0.00, 0.02] |            0.962             |
| [0.02, 0.04] |            0.935             |
| [0.04, 0.06] |             0.89             |
| [0.06, 0.10] |            0.832             |
| [0.10, 0.20] |            0.708             |
| [0.20, 0.40] |            0.472             |
| [0.40, 0.50] |            0.296             |
+--------------+------------------------------+
HIGH NOISE PROPHASER
+--------------+------------------------------+
|   MAF bin    | Proportion correct genotyped |
+--------------+------------------------------+
| [0.00, 0.02] |            0.962             |
| [0.02, 0.04] |            0.934             |
| [0.04, 0.06] |            0.889             |
| [0.06, 0.10] |            0.827             |
| [0.10, 0.20] |            0.689             |
| [0.20, 0.40] |            0.471             |
| [0.40, 0.50] |            0.358             |
+--------------+------------------------------+
